<?xml version="1.0" encoding="UTF-8"?>
<!-- Generated by org.testng.reporters.JUnitXMLReporter -->
<testsuite ignored="0" hostname="CL-NB-918" failures="1" tests="2" name="Test" time="23.116" errors="0" timestamp="2021-11-17T12:39:29 CLST">
  <testcase classname="frameWorkAutomatizacionA_Castro.automatizacion.LoginIncorrecto" name="BaseNavegacionPag" time="8.402"/>
  <testcase classname="frameWorkAutomatizacionA_Castro.automatizacion.LoginIncorrecto" name="BaseNavegacionPag" time="8.412">
    <failure type="java.lang.NullPointerException" message="Cannot invoke &amp;quot;com.aventstack.extentreports.ExtentTest.log(com.aventstack.extentreports.Status, String)&amp;quot; because &amp;quot;this.test&amp;quot; is null">
      <![CDATA[java.lang.NullPointerException: Cannot invoke "com.aventstack.extentreports.ExtentTest.log(com.aventstack.extentreports.Status, String)" because "this.test" is null
at frameWorkAutomatizacionA_Castro.automatizacion.Listeners.onTestSuccess(Listeners.java:34)
at java.base/java.util.ArrayList.forEach(ArrayList.java:1511)
... Removed 24 stack frames]]>
    </failure>
  </testcase> <!-- BaseNavegacionPag -->
</testsuite> <!-- Test -->
