<?xml version="1.0" encoding="UTF-8"?>
<!-- Generated by org.testng.reporters.JUnitXMLReporter -->
<testsuite ignored="0" hostname="CL-NB-918" failures="0" tests="12" name="Test login correcto" time="52.112" errors="0" timestamp="2021-11-17T20:17:31 CLST">
  <testcase classname="frameWorkAutomatizacionA_Castro.automatizacion.LoginCorrecto" name="Navegacion_Pag_Trello" time="8.354"/>
  <testcase classname="frameWorkAutomatizacionA_Castro.automatizacion.LoginCorrecto" name="crearTablero" time="17.556"/>
  <testcase classname="frameWorkAutomatizacionA_Castro.automatizacion.LoginCorrecto" name="crearlista" time="6.299"/>
  <testcase classname="frameWorkAutomatizacionA_Castro.automatizacion.LoginCorrecto" name="agregarTarjeta" time="3.318"/>
  <testcase classname="frameWorkAutomatizacionA_Castro.automatizacion.LoginCorrecto" name="agregarPropiedades" time="3.157"/>
  <testcase classname="frameWorkAutomatizacionA_Castro.automatizacion.LoginCorrecto" name="addDescripTarj" time="0.34"/>
  <testcase classname="frameWorkAutomatizacionA_Castro.automatizacion.LoginCorrecto" name="addEtiqueta" time="0.296"/>
  <testcase classname="frameWorkAutomatizacionA_Castro.automatizacion.LoginCorrecto" name="selectdate" time="0.843"/>
  <testcase classname="frameWorkAutomatizacionA_Castro.automatizacion.LoginCorrecto" name="adjuntarImagen" time="0.719"/>
  <testcase classname="frameWorkAutomatizacionA_Castro.automatizacion.LoginCorrecto" name="addComentario" time="0.587"/>
  <testcase classname="frameWorkAutomatizacionA_Castro.automatizacion.LoginCorrecto" name="moverTarjeta" time="0.452"/>
  <testcase classname="frameWorkAutomatizacionA_Castro.automatizacion.LoginCorrecto" name="eliminarTablero" time="1.204"/>
</testsuite> <!-- Test login correcto -->
